[33m[nodemon] 2.0.6[39m
[33m[nodemon] to restart at any time, enter `rs`[39m
[33m[nodemon] watching path(s): *.*[39m
[33m[nodemon] watching extensions: js,mjs,json[39m
[32m[nodemon] starting `node vkBot.js`[39m
events.js:292
      throw er; // Unhandled 'error' event
      ^

Error: EPERM: operation not permitted, read
Emitted 'error' event on ReadStream instance at:
    at internal/fs/streams.js:202:14
    at FSReqCallback.wrapper [as oncomplete] (fs.js:539:5) {
  errno: -4048,
  code: 'EPERM',
  syscall: 'read'
}

> vkbot@1.0.0 start C:\Users\human\Documents\  \ \vkBot
> nodemon vkBot

[33m[nodemon] 2.0.6[39m
[33m[nodemon] to restart at any time, enter `rs`[39m
[33m[nodemon] watching path(s): *.*[39m
[33m[nodemon] watching extensions: js,mjs,json[39m
[32m[nodemon] starting `node vkBot.js`[39m
events.js:292
      throw er; // Unhandled 'error' event
      ^

Error: EPERM: operation not permitted, read
Emitted 'error' event on ReadStream instance at:
    at internal/fs/streams.js:202:14
    at FSReqCallback.wrapper [as oncomplete] (fs.js:539:5) {
  errno: -4048,
  code: 'EPERM',
  syscall: 'read'
}
npm ERR! code ELIFECYCLE
npm ERR! errno 1
npm ERR! vkbot@1.0.0 start: `nodemon vkBot`
npm ERR! Exit status 1
npm ERR! 
npm ERR! Failed at the vkbot@1.0.0 start script.
npm ERR! This is probably not a problem with npm. There is likely additional logging output above.

npm ERR! A complete log of this run can be found in:
npm ERR!     C:\Users\human\AppData\Roaming\npm-cache\_logs\2020-11-30T18_05_30_881Z-debug.log
